Using pre-set license
Built from '2022.3/staging' branch; Version is '2022.3.21f1 (bf09ca542b87) revision 12519882'; Using compiler version '192829333'; Build Type 'Release'
OS: 'Windows 10  (10.0.19045) 64bit Professional' Language: 'en' Physical Memory: 32480 MB
BatchMode: 1, IsHumanControllingUs: 0, StartBugReporterOnCrash: 0, Is64bit: 1, IsPro: 1

COMMAND LINE ARGUMENTS:
C:\Program Files\Unity\Hub\Editor\2022.3.21f1\Editor\Unity.exe
-adb2
-batchMode
-noUpm
-name
AssetImportWorker1
-projectPath
C:/Users/100026611/VR
-logFile
Logs/AssetImportWorker1.log
-srvPort
49599
Successfully changed project path to: C:/Users/100026611/VR
C:/Users/100026611/VR
[UnityMemory] Configuration Parameters - Can be set up in boot.config
    "memorysetup-bucket-allocator-granularity=16"
    "memorysetup-bucket-allocator-bucket-count=8"
    "memorysetup-bucket-allocator-block-size=33554432"
    "memorysetup-bucket-allocator-block-count=8"
    "memorysetup-main-allocator-block-size=16777216"
    "memorysetup-thread-allocator-block-size=16777216"
    "memorysetup-gfx-main-allocator-block-size=16777216"
    "memorysetup-gfx-thread-allocator-block-size=16777216"
    "memorysetup-cache-allocator-block-size=4194304"
    "memorysetup-typetree-allocator-block-size=2097152"
    "memorysetup-profiler-bucket-allocator-granularity=16"
    "memorysetup-profiler-bucket-allocator-bucket-count=8"
    "memorysetup-profiler-bucket-allocator-block-size=33554432"
    "memorysetup-profiler-bucket-allocator-block-count=8"
    "memorysetup-profiler-allocator-block-size=16777216"
    "memorysetup-profiler-editor-allocator-block-size=1048576"
    "memorysetup-temp-allocator-size-main=16777216"
    "memorysetup-job-temp-allocator-block-size=2097152"
    "memorysetup-job-temp-allocator-block-size-background=1048576"
    "memorysetup-job-temp-allocator-reduction-small-platforms=262144"
    "memorysetup-allocator-temp-initial-block-size-main=262144"
    "memorysetup-allocator-temp-initial-block-size-worker=262144"
    "memorysetup-temp-allocator-size-background-worker=32768"
    "memorysetup-temp-allocator-size-job-worker=262144"
    "memorysetup-temp-allocator-size-preload-manager=33554432"
    "memorysetup-temp-allocator-size-nav-mesh-worker=65536"
    "memorysetup-temp-allocator-size-audio-worker=65536"
    "memorysetup-temp-allocator-size-cloud-worker=32768"
    "memorysetup-temp-allocator-size-gi-baking-worker=262144"
    "memorysetup-temp-allocator-size-gfx=262144"
Player connection [22680] Host "[IP] 10.210.4.133 [Port] 0 [Flags] 2 [Guid] 3373044797 [EditorId] 3373044797 [Version] 1048832 [Id] WindowsEditor(7,MV-801-25-W1) [Debug] 1 [PackageName] WindowsEditor [ProjectName] Editor" joined multi-casting on [225.0.0.222:54997]...

Player connection [22680] Host "[IP] 10.210.4.133 [Port] 0 [Flags] 2 [Guid] 3373044797 [EditorId] 3373044797 [Version] 1048832 [Id] WindowsEditor(7,MV-801-25-W1) [Debug] 1 [PackageName] WindowsEditor [ProjectName] Editor" joined alternative multi-casting on [225.0.0.222:34997]...

[Physics::Module] Initialized MultithreadedJobDispatcher with 19 workers.
Refreshing native plugins compatible for Editor in 6.30 ms, found 3 plugins.
Preloading 0 native plugins for Editor in 0.00 ms.
Initialize engine version: 2022.3.21f1 (bf09ca542b87)
[Subsystems] Discovering subsystems at path C:/Program Files/Unity/Hub/Editor/2022.3.21f1/Editor/Data/Resources/UnitySubsystems
[Subsystems] Discovering subsystems at path C:/Users/100026611/VR/Assets
GfxDevice: creating device client; threaded=0; jobified=0
Direct3D:
    Version:  Direct3D 11.0 [level 11.1]
    Renderer: NVIDIA GeForce RTX 3070 (ID=0x2484)
    Vendor:   NVIDIA
    VRAM:     8031 MB
    Driver:   31.0.15.3619
Initialize mono
Mono path[0] = 'C:/Program Files/Unity/Hub/Editor/2022.3.21f1/Editor/Data/Managed'
Mono path[1] = 'C:/Program Files/Unity/Hub/Editor/2022.3.21f1/Editor/Data/MonoBleedingEdge/lib/mono/unityjit-win32'
Mono config path = 'C:/Program Files/Unity/Hub/Editor/2022.3.21f1/Editor/Data/MonoBleedingEdge/etc'
Using monoOptions --debugger-agent=transport=dt_socket,embedding=1,server=y,suspend=n,address=127.0.0.1:56556
Begin MonoManager ReloadAssembly
Registering precompiled unity dll's ...
Register platform support module: C:/Program Files/Unity/Hub/Editor/2022.3.21f1/Editor/Data/PlaybackEngines/WebGLSupport/UnityEditor.WebGL.Extensions.dll
Register platform support module: C:/Program Files/Unity/Hub/Editor/2022.3.21f1/Editor/Data/PlaybackEngines/AndroidPlayer/UnityEditor.Android.Extensions.dll
Register platform support module: C:/Program Files/Unity/Hub/Editor/2022.3.21f1/Editor/Data/PlaybackEngines/WindowsStandaloneSupport/UnityEditor.WindowsStandalone.Extensions.dll
Registered in 0.006657 seconds.
- Loaded All Assemblies, in  0.335 seconds
Native extension for WindowsStandalone target not found
Native extension for Android target not found
Android Extension - Scanning For ADB Devices 414 ms
Native extension for WebGL target not found
Mono: successfully reloaded assembly
- Finished resetting the current domain, in  0.737 seconds
Domain Reload Profiling: 1071ms
	BeginReloadAssembly (104ms)
		ExecutionOrderSort (0ms)
		DisableScriptedObjects (0ms)
		BackupInstance (0ms)
		ReleaseScriptingObjects (0ms)
		CreateAndSetChildDomain (1ms)
	RebuildCommonClasses (31ms)
	RebuildNativeTypeToScriptingClass (10ms)
	initialDomainReloadingComplete (51ms)
	LoadAllAssembliesAndSetupDomain (139ms)
		LoadAssemblies (104ms)
		RebuildTransferFunctionScriptingTraits (0ms)
		AnalyzeDomain (136ms)
			TypeCache.Refresh (135ms)
				TypeCache.ScanAssembly (123ms)
			ScanForSourceGeneratedMonoScriptInfo (0ms)
			ResolveRequiredComponents (0ms)
	FinalizeReload (737ms)
		ReleaseScriptCaches (0ms)
		RebuildScriptCaches (0ms)
		SetupLoadedEditorAssemblies (681ms)
			LogAssemblyErrors (0ms)
			InitializePlatformSupportModulesInManaged (534ms)
			SetLoadedEditorAssemblies (3ms)
			RefreshPlugins (0ms)
			BeforeProcessingInitializeOnLoad (2ms)
			ProcessInitializeOnLoadAttributes (103ms)
			ProcessInitializeOnLoadMethodAttributes (39ms)
			AfterProcessingInitializeOnLoad (0ms)
			EditorAssembliesLoaded (0ms)
		ExecutionOrderSort2 (0ms)
		AwakeInstancesAfterBackupRestoration (0ms)
Compilation Pipeline: Could not read file Packages/com.unity.xr.legacyinputhelpers/Editor/TrackedPoseDriver/UnityEditor.SpatialTracking.asmdef
Fatal Error! Compilation Pipeline: Could not read file Packages/com.unity.xr.legacyinputhelpers/Editor/TrackedPoseDriver/UnityEditor.SpatialTracking.asmdef
Crash!!!
SymInit: Symbol-SearchPath: 'C:/Program Files/Unity/Hub/Editor/2022.3.21f1/Editor/Data/Mono;.;C:\Users\100026611\VR;C:\Users\100026611\VR\Library\BurstCache\JIT;C:\Program Files\Unity\Hub\Editor\2022.3.21f1\Editor;C:\windows;C:\windows\system32;', symOptions: 534, UserName: '100026611'
OS-Version: 10.0.0
C:\Program Files\Unity\Hub\Editor\2022.3.21f1\Editor\Unity.exe:Unity.exe (00007FF68FC30000), size: 82452480 (result: 0), SymType: '-deferred-', PDB: '', fileVersion: 2022.3.21.2506
C:\windows\SYSTEM32\ntdll.dll:ntdll.dll (00007FFF453D0000), size: 2064384 (result: 0), SymType: '-deferred-', PDB: '', fileVersion: 10.0.19041.3996
C:\windows\System32\KERNEL32.DLL:KERNEL32.DLL (00007FFF43440000), size: 774144 (result: 0), SymType: '-deferred-', PDB: '', fileVersion: 10.0.19041.3636
C:\windows\System32\KERNELBASE.dll:KERNELBASE.dll (00007FFF42FF0000), size: 3104768 (result: 0), SymType: '-deferred-', PDB: '', fileVersion: 10.0.19041.3996
C:\windows\SYSTEM32\apphelp.dll:apphelp.dll (00007FFF3FFF0000), size: 589824 (result: 0), SymType: '-deferred-', PDB: '', fileVersion: 10.0.19041.3636
C:\windows\System32\CRYPT32.dll:CRYPT32.dll (00007FFF42CE0000), size: 1429504 (result: 0), SymType: '-deferred-', PDB: '', fileVersion: 10.0.19041.3636
C:\windows\System32\ucrtbase.dll:ucrtbase.dll (00007FFF42B40000), size: 1048576 (result: 0), SymType: '-deferred-', PDB: '', fileVersion: 10.0.19041.3636
C:\windows\System32\USER32.dll:USER32.dll (00007FFF44B50000), size: 1695744 (result: 0), SymType: '-deferred-', PDB: '', fileVersion: 10.0.19041.3996
C:\Program Files\Unity\Hub\Editor\2022.3.21f1\Editor\libfbxsdk.dll:libfbxsdk.dll (00007FFF0AE70000), size: 10067968 (result: 0), SymType: '-deferred-', PDB: '', fileVersion: 2020.3.3.0
C:\Program Files\Unity\Hub\Editor\2022.3.21f1\Editor\s3tcompress.dll:s3tcompress.dll (00007FFF26D90000), size: 180224 (result: 0), SymType: '-deferred-', PDB: ''
C:\Program Files\Unity\Hub\Editor\2022.3.21f1\Editor\etccompress.dll:etccompress.dll (00007FFEC2750000), size: 5066752 (result: 0), SymType: '-deferred-', PDB: ''
C:\windows\System32\win32u.dll:win32u.dll (00007FFF432F0000), size: 139264 (result: 0), SymType: '-deferred-', PDB: '', fileVersion: 10.0.19041.3996
C:\Program Files\Unity\Hub\Editor\2022.3.21f1\Editor\ispc_texcomp.dll:ispc_texcomp.dll (00007FFF1BEF0000), size: 1826816 (result: 0), SymType: '-deferred-', PDB: ''
C:\windows\System32\GDI32.dll:GDI32.dll (00007FFF43410000), size: 176128 (result: 0), SymType: '-deferred-', PDB: '', fileVersion: 10.0.19041.3996
C:\windows\System32\gdi32full.dll:gdi32full.dll (00007FFF42E40000), size: 1142784 (result: 0), SymType: '-deferred-', PDB: '', fileVersion: 10.0.19041.3996
C:\Program Files\Unity\Hub\Editor\2022.3.21f1\Editor\compress_bc7e.dll:compress_bc7e.dll (00007FFF12EB0000), size: 1433600 (result: 0), SymType: '-deferred-', PDB: ''
C:\windows\System32\ADVAPI32.dll:ADVAPI32.dll (00007FFF43720000), size: 733184 (result: 0), SymType: '-deferred-', PDB: '', fileVersion: 10.0.19041.3930
C:\windows\System32\msvcp_win.dll:msvcp_win.dll (00007FFF42C40000), size: 643072 (result: 0), SymType: '-deferred-', PDB: '', fileVersion: 10.0.19041.3636
C:\Program Files\Unity\Hub\Editor\2022.3.21f1\Editor\FreeImage.dll:FreeImage.dll (0000000180000000), size: 6582272 (result: 0), SymType: '-deferred-', PDB: '', fileVersion: 3.18.0.0
C:\windows\System32\msvcrt.dll:msvcrt.dll (00007FFF43C20000), size: 647168 (result: 0), SymType: '-deferred-', PDB: '', fileVersion: 7.0.19041.3636
C:\windows\System32\sechost.dll:sechost.dll (00007FFF44D80000), size: 651264 (result: 0), SymType: '-deferred-', PDB: '', fileVersion: 10.0.19041.3930
C:\windows\System32\SHELL32.dll:SHELL32.dll (00007FFF44390000), size: 7622656 (result: 0), SymType: '-deferred-', PDB: '', fileVersion: 10.0.19041.3996
C:\windows\System32\RPCRT4.dll:RPCRT4.dll (00007FFF437E0000), size: 1204224 (result: 0), SymType: '-deferred-', PDB: '', fileVersion: 10.0.19041.3758
C:\windows\System32\WS2_32.dll:WS2_32.dll (00007FFF44AE0000), size: 438272 (result: 0), SymType: '-deferred-', PDB: '', fileVersion: 10.0.19041.3636
C:\windows\System32\bcrypt.dll:bcrypt.dll (00007FFF433E0000), size: 159744 (result: 0), SymType: '-deferred-', PDB: '', fileVersion: 10.0.19041.3636
C:\windows\System32\SHLWAPI.dll:SHLWAPI.dll (00007FFF43BC0000), size: 348160 (result: 0), SymType: '-deferred-', PDB: '', fileVersion: 10.0.19041.3636
C:\Program Files\Unity\Hub\Editor\2022.3.21f1\Editor\umbraoptimizer64.dll:umbraoptimizer64.dll (00007FFF0AD40000), size: 1187840 (result: 0), SymType: '-deferred-', PDB: ''
C:\Program Files\Unity\Hub\Editor\2022.3.21f1\Editor\WinPixEventRuntime.dll:WinPixEventRuntime.dll (00007FFF27390000), size: 45056 (result: 0), SymType: '-deferred-', PDB: '', fileVersion: 1.0.1812.6001
C:\windows\System32\ole32.dll:ole32.dll (00007FFF435F0000), size: 1224704 (result: 0), SymType: '-deferred-', PDB: '', fileVersion: 10.0.19041.3636
C:\windows\System32\combase.dll:combase.dll (00007FFF44E80000), size: 3489792 (result: 0), SymType: '-deferred-', PDB: '', fileVersion: 10.0.19041.3636
C:\windows\System32\IMM32.dll:IMM32.dll (00007FFF43A60000), size: 204800 (result: 0), SymType: '-deferred-', PDB: '', fileVersion: 10.0.19041.3996
C:\windows\System32\SETUPAPI.dll:SETUPAPI.dll (00007FFF43E70000), size: 4644864 (result: 0), SymType: '-deferred-', PDB: '', fileVersion: 10.0.19041.3996
C:\windows\System32\cfgmgr32.dll:cfgmgr32.dll (00007FFF43390000), size: 319488 (result: 0), SymType: '-deferred-', PDB: '', fileVersion: 10.0.19041.3996
C:\windows\System32\OLEAUT32.dll:OLEAUT32.dll (00007FFF43520000), size: 839680 (result: 0), SymType: '-deferred-', PDB: '', fileVersion: 10.0.19041.3636
C:\windows\SYSTEM32\MSVCP140.dll:MSVCP140.dll (00007FFF060B0000), size: 581632 (result: 0), SymType: '-deferred-', PDB: '', fileVersion: 14.36.32532.0
C:\windows\SYSTEM32\VCRUNTIME140.dll:VCRUNTIME140.dll (00007FFF06140000), size: 110592 (result: 0), SymType: '-deferred-', PDB: '', fileVersion: 14.36.32532.0
C:\windows\System32\WINTRUST.dll:WINTRUST.dll (00007FFF43320000), size: 421888 (result: 0), SymType: '-deferred-', PDB: '', fileVersion: 10.0.19041.3996
C:\windows\SYSTEM32\GLU32.dll:GLU32.dll (00007FFF1C930000), size: 180224 (result: 0), SymType: '-deferred-', PDB: '', fileVersion: 10.0.19041.3636
C:\windows\SYSTEM32\OPENGL32.dll:OPENGL32.dll (00007FFF14B20000), size: 1200128 (result: 0), SymType: '-deferred-', PDB: '', fileVersion: 10.0.19041.3636
C:\windows\SYSTEM32\IPHLPAPI.DLL:IPHLPAPI.DLL (00007FFF41EC0000), size: 241664 (result: 0), SymType: '-deferred-', PDB: '', fileVersion: 10.0.19041.3636
C:\windows\SYSTEM32\WINHTTP.dll:WINHTTP.dll (00007FFF3BAE0000), size: 1089536 (result: 0), SymType: '-deferred-', PDB: '', fileVersion: 10.0.19041.3636
C:\windows\SYSTEM32\WINMM.dll:WINMM.dll (00007FFF3B1F0000), size: 159744 (result: 0), SymType: '-deferred-', PDB: '', fileVersion: 10.0.19041.3636
C:\windows\SYSTEM32\HID.DLL:HID.DLL (00007FFF41120000), size: 53248 (result: 0), SymType: '-deferred-', PDB: '', fileVersion: 10.0.19041.3636
C:\Program Files\Unity\Hub\Editor\2022.3.21f1\Editor\SketchUpAPI.dll:SketchUpAPI.dll (00007FFEC1EB0000), size: 8990720 (result: 0), SymType: '-deferred-', PDB: '', fileVersion: 23.0.0.0
C:\windows\SYSTEM32\dwmapi.dll:dwmapi.dll (00007FFF40490000), size: 192512 (result: 0), SymType: '-deferred-', PDB: '', fileVersion: 10.0.19041.3636
C:\Program Files\Unity\Hub\Editor\2022.3.21f1\Editor\NativeProxyHelper.dll:NativeProxyHelper.dll (00007FFEC1CF0000), size: 1789952 (result: 0), SymType: '-deferred-', PDB: ''
C:\windows\SYSTEM32\VERSION.dll:VERSION.dll (00007FFF3C8D0000), size: 40960 (result: 0), SymType: '-deferred-', PDB: '', fileVersion: 10.0.19041.3636
C:\windows\SYSTEM32\WSOCK32.dll:WSOCK32.dll (00007FFF1CBE0000), size: 36864 (result: 0), SymType: '-deferred-', PDB: '', fileVersion: 10.0.19041.1
C:\windows\SYSTEM32\VCRUNTIME140_1.dll:VCRUNTIME140_1.dll (00007FFF06160000), size: 49152 (result: 0), SymType: '-deferred-', PDB: '', fileVersion: 14.36.32532.0
C:\Program Files\Unity\Hub\Editor\2022.3.21f1\Editor\SketchUpCommonPreferences.dll:SketchUpCommonPreferences.dll (00007FFF173B0000), size: 499712 (result: 0), SymType: '-deferred-', PDB: '', fileVersion: 23.0.0.0
C:\windows\SYSTEM32\Secur32.dll:Secur32.dll (00007FFF2B4C0000), size: 49152 (result: 0), SymType: '-deferred-', PDB: '', fileVersion: 10.0.19041.3636
C:\windows\SYSTEM32\SSPICLI.DLL:SSPICLI.DLL (00007FFF42970000), size: 204800 (result: 0), SymType: '-deferred-', PDB: '', fileVersion: 10.0.19041.3636
C:\Program Files\Unity\Hub\Editor\2022.3.21f1\Editor\OpenRL.dll:OpenRL.dll (0000025A9C1A0000), size: 12779520 (result: 0), SymType: '-deferred-', PDB: '', fileVersion: 1.5.0.2907
C:\windows\SYSTEM32\MSVCR100.dll:MSVCR100.dll (0000000066EE0000), size: 860160 (result: 0), SymType: '-deferred-', PDB: '', fileVersion: 10.0.40219.325
C:\windows\SYSTEM32\MSVCP100.dll:MSVCP100.dll (0000000066E40000), size: 622592 (result: 0), SymType: '-deferred-', PDB: '', fileVersion: 10.0.40219.325
C:\Program Files\Unity\Hub\Editor\2022.3.21f1\Editor\embree.dll:embree.dll (00007FFEBE9C0000), size: 16711680 (result: 0), SymType: '-deferred-', PDB: '', fileVersion: 2.14.0.0
C:\windows\SYSTEM32\MSWSOCK.DLL:MSWSOCK.DLL (00007FFF42220000), size: 434176 (result: 0), SymType: '-deferred-', PDB: '', fileVersion: 10.0.19041.3636
C:\Program Files\Unity\Hub\Editor\2022.3.21f1\Editor\tbb.dll:tbb.dll (00007FFF130B0000), size: 413696 (result: 0), SymType: '-deferred-', PDB: '', fileVersion: 2017.0.2016.1004
C:\windows\SYSTEM32\MSVCR120.dll:MSVCR120.dll (00007FFED68F0000), size: 978944 (result: 0), SymType: '-deferred-', PDB: '', fileVersion: 12.0.40664.0
C:\windows\SYSTEM32\MSVCP120.dll:MSVCP120.dll (00007FFF12E00000), size: 679936 (result: 0), SymType: '-deferred-', PDB: '', fileVersion: 12.0.40664.0
C:\Program Files\Unity\Hub\Editor\2022.3.21f1\Editor\OpenRL_pthread.dll:OpenRL_pthread.dll (0000025A9CDD0000), size: 61440 (result: 0), SymType: '-deferred-', PDB: '', fileVersion: 2.9.0.0
C:\windows\SYSTEM32\MSASN1.dll:MSASN1.dll (00007FFF42650000), size: 73728 (result: 0), SymType: '-deferred-', PDB: '', fileVersion: 10.0.19041.3636
C:\windows\System32\bcryptprimitives.dll:bcryptprimitives.dll (00007FFF42F60000), size: 532480 (result: 0), SymType: '-deferred-', PDB: '', fileVersion: 10.0.19041.3636
C:\windows\SYSTEM32\kernel.appcore.dll:kernel.appcore.dll (00007FFF40780000), size: 73728 (result: 0), SymType: '-deferred-', PDB: '', fileVersion: 10.0.19041.3758
C:\windows\system32\uxtheme.dll:uxtheme.dll (00007FFF40290000), size: 647168 (result: 0), SymType: '-deferred-', PDB: '', fileVersion: 10.0.19041.3996
C:\windows\SYSTEM32\windows.storage.dll:windows.storage.dll (00007FFF40980000), size: 7979008 (result: 0), SymType: '-deferred-', PDB: '', fileVersion: 10.0.19041.3996
C:\windows\SYSTEM32\Wldp.dll:Wldp.dll (00007FFF424C0000), size: 188416 (result: 0), SymType: '-deferred-', PDB: '', fileVersion: 10.0.19041.3996
C:\windows\System32\SHCORE.dll:SHCORE.dll (00007FFF442E0000), size: 708608 (result: 0), SymType: '-deferred-', PDB: '', fileVersion: 10.0.19041.3636
C:\windows\SYSTEM32\profapi.dll:profapi.dll (00007FFF429C0000), size: 151552 (result: 0), SymType: '-deferred-', PDB: '', fileVersion: 10.0.19041.3636
C:\windows\system32\IconCodecService.dll:IconCodecService.dll (00007FFF0FF80000), size: 36864 (result: 0), SymType: '-deferred-', PDB: '', fileVersion: 10.0.19041.1
C:\windows\SYSTEM32\WindowsCodecs.dll:WindowsCodecs.dll (00007FFF3BD70000), size: 1785856 (result: 0), SymType: '-deferred-', PDB: '', fileVersion: 10.0.19041.3636
C:\windows\System32\clbcatq.dll:clbcatq.dll (00007FFF43B00000), size: 692224 (result: 0), SymType: '-deferred-', PDB: '', fileVersion: 2001.12.10941.16384
C:\windows\System32\netprofm.dll:netprofm.dll (00007FFF3E120000), size: 258048 (result: 0), SymType: '-deferred-', PDB: '', fileVersion: 10.0.19041.3636
C:\windows\System32\npmproxy.dll:npmproxy.dll (00007FFF3B720000), size: 65536 (result: 0), SymType: '-deferred-', PDB: '', fileVersion: 10.0.19041.3636
C:\windows\System32\NSI.dll:NSI.dll (00007FFF44D70000), size: 32768 (result: 0), SymType: '-deferred-', PDB: '', fileVersion: 10.0.19041.3636
C:\windows\SYSTEM32\dhcpcsvc6.DLL:dhcpcsvc6.DLL (00007FFF3D720000), size: 94208 (result: 0), SymType: '-deferred-', PDB: '', fileVersion: 10.0.19041.3636
C:\windows\SYSTEM32\dhcpcsvc.DLL:dhcpcsvc.DLL (00007FFF3D4F0000), size: 118784 (result: 0), SymType: '-deferred-', PDB: '', fileVersion: 10.0.19041.3636
C:\windows\SYSTEM32\DNSAPI.dll:DNSAPI.dll (00007FFF41F00000), size: 831488 (result: 0), SymType: '-deferred-', PDB: '', fileVersion: 10.0.19041.4046
C:\windows\system32\napinsp.dll:napinsp.dll (00007FFF29640000), size: 94208 (result: 0), SymType: '-deferred-', PDB: '', fileVersion: 10.0.19041.3636
C:\windows\system32\pnrpnsp.dll:pnrpnsp.dll (00007FFF2A6F0000), size: 110592 (result: 0), SymType: '-deferred-', PDB: '', fileVersion: 10.0.19041.3636
C:\windows\system32\wshbth.dll:wshbth.dll (00007FFF3DB50000), size: 86016 (result: 0), SymType: '-deferred-', PDB: '', fileVersion: 10.0.19041.3636
C:\windows\system32\NLAapi.dll:NLAapi.dll (00007FFF3E360000), size: 118784 (result: 0), SymType: '-deferred-', PDB: '', fileVersion: 10.0.19041.3636
C:\windows\System32\winrnr.dll:winrnr.dll (00007FFF2A890000), size: 73728 (result: 0), SymType: '-deferred-', PDB: '', fileVersion: 10.0.19041.3636
C:\windows\System32\fwpuclnt.dll:fwpuclnt.dll (00007FFF3DB80000), size: 524288 (result: 0), SymType: '-deferred-', PDB: '', fileVersion: 10.0.19041.3758
C:\Windows\System32\rasadhlp.dll:rasadhlp.dll (00007FFF3B710000), size: 40960 (result: 0), SymType: '-deferred-', PDB: '', fileVersion: 10.0.19041.3636
C:\Program Files\Unity\Hub\Editor\2022.3.21f1\Editor\NVUnityPlugin.DLL:NVUnityPlugin.DLL (00007FFEC1B70000), size: 1519616 (result: 0), SymType: '-deferred-', PDB: ''
C:\Program Files\Unity\Hub\Editor\2022.3.21f1\Editor\Data\Tools\astcenc-avx2.dll:astcenc-avx2.dll (00007FFEF76F0000), size: 540672 (result: 0), SymType: '-deferred-', PDB: ''
C:\windows\System32\MMDevApi.dll:MMDevApi.dll (00007FFF3C6A0000), size: 544768 (result: 0), SymType: '-deferred-', PDB: '', fileVersion: 10.0.19041.3636
C:\windows\System32\DEVOBJ.dll:DEVOBJ.dll (00007FFF42820000), size: 208896 (result: 0), SymType: '-deferred-', PDB: '', fileVersion: 10.0.19041.3996
C:\windows\SYSTEM32\d3d11.dll:d3d11.dll (00007FFF3E830000), size: 2502656 (result: 0), SymType: '-deferred-', PDB: '', fileVersion: 10.0.19041.3636
C:\windows\SYSTEM32\dxgi.dll:dxgi.dll (00007FFF41240000), size: 995328 (result: 0), SymType: '-deferred-', PDB: '', fileVersion: 10.0.19041.3636
C:\windows\System32\DriverStore\FileRepository\nvdd.inf_amd64_67b1df330bec74ef\nvldumdx.dll:nvldumdx.dll (00007FFF38D50000), size: 770048 (result: 0), SymType: '-deferred-', PDB: '', fileVersion: 31.0.15.3619
C:\windows\SYSTEM32\cryptnet.dll:cryptnet.dll (00007FFF3B890000), size: 200704 (result: 0), SymType: '-deferred-', PDB: '', fileVersion: 10.0.19041.3636
C:\windows\SYSTEM32\drvstore.dll:drvstore.dll (00007FFF3B5C0000), size: 1343488 (result: 0), SymType: '-deferred-', PDB: '', fileVersion: 10.0.19041.3636
C:\windows\SYSTEM32\cryptbase.dll:cryptbase.dll (00007FFF42430000), size: 49152 (result: 0), SymType: '-deferred-', PDB: '', fileVersion: 10.0.19041.3636
C:\windows\System32\imagehlp.dll:imagehlp.dll (00007FFF43500000), size: 118784 (result: 0), SymType: '-deferred-', PDB: '', fileVersion: 10.0.19041.3636
C:\windows\SYSTEM32\CRYPTSP.dll:CRYPTSP.dll (00007FFF42410000), size: 98304 (result: 0), SymType: '-deferred-', PDB: '', fileVersion: 10.0.19041.3636
C:\windows\system32\rsaenh.dll:rsaenh.dll (00007FFF41AE0000), size: 212992 (result: 0), SymType: '-deferred-', PDB: '', fileVersion: 10.0.19041.3636
C:\windows\System32\DriverStore\FileRepository\nvdd.inf_amd64_67b1df330bec74ef\nvwgf2umx.dll:nvwgf2umx.dll (00007FFF30A60000), size: 99463168 (result: 0), SymType: '-deferred-', PDB: '', fileVersion: 31.0.15.3619
C:\windows\System32\DriverStore\FileRepository\nvdd.inf_amd64_67b1df330bec74ef\Display.NvContainer\MessageBus.dll:MessageBus.dll (00007FFF22B10000), size: 7565312 (result: 0), SymType: '-deferred-', PDB: '', fileVersion: 1.22.2758.1620
C:\windows\SYSTEM32\dxcore.dll:dxcore.dll (00007FFF39490000), size: 241664 (result: 0), SymType: '-deferred-', PDB: '', fileVersion: 10.0.19041.3996
C:\windows\system32\wbem\wbemprox.dll:wbemprox.dll (00007FFF3B1C0000), size: 69632 (result: 0), SymType: '-deferred-', PDB: '', fileVersion: 10.0.19041.3996
C:\windows\SYSTEM32\wbemcomn.dll:wbemcomn.dll (00007FFF3A500000), size: 589824 (result: 0), SymType: '-deferred-', PDB: '', fileVersion: 10.0.19041.3636
C:\windows\system32\wbem\wbemsvc.dll:wbemsvc.dll (00007FFF300B0000), size: 81920 (result: 0), SymType: '-deferred-', PDB: '', fileVersion: 10.0.19041.3996
C:\windows\system32\wbem\fastprox.dll:fastprox.dll (00007FFF300D0000), size: 1093632 (result: 0), SymType: '-deferred-', PDB: '', fileVersion: 10.0.19041.3636
C:\windows\SYSTEM32\amsi.dll:amsi.dll (00007FFF2FB60000), size: 126976 (result: 0), SymType: '-deferred-', PDB: '', fileVersion: 10.0.19041.3636
C:\windows\SYSTEM32\USERENV.dll:USERENV.dll (00007FFF42940000), size: 188416 (result: 0), SymType: '-deferred-', PDB: '', fileVersion: 10.0.19041.3636
C:\Program Files\Cisco\AMP\scriptid\damsicom64.dll:damsicom64.dll (00007FFF12970000), size: 700416 (result: 0), SymType: '-deferred-', PDB: '', fileVersion: 1.0.0.30
C:\Program Files\Unity\Hub\Editor\2022.3.21f1\Editor\cudart64_90.dll:cudart64_90.dll (00007FFF0ACD0000), size: 397312 (result: 0), SymType: '-deferred-', PDB: '', fileVersion: 6.14.11.9000
C:\windows\SYSTEM32\opencl.dll:opencl.dll (00007FFEC16A0000), size: 1490944 (result: 0), SymType: '-deferred-', PDB: '', fileVersion: 3.0.3.0
C:\Program Files\Unity\Hub\Editor\2022.3.21f1\Editor\radeonrays.dll:radeonrays.dll (00007FFEC1570000), size: 557056 (result: 0), SymType: '-deferred-', PDB: ''
C:\Program Files\Unity\Hub\Editor\2022.3.21f1\Editor\Data\MonoBleedingEdge\EmbedRuntime\mono-2.0-bdwgc.dll:mono-2.0-bdwgc.dll (00007FFEA7970000), size: 10825728 (result: 0), SymType: '-deferred-', PDB: ''
C:\windows\SYSTEM32\PROPSYS.dll:PROPSYS.dll (00007FFF3DE40000), size: 1007616 (result: 0), SymType: '-deferred-', PDB: '', fileVersion: 7.0.19041.3636
C:\windows\SYSTEM32\edputil.dll:edputil.dll (00007FFF12620000), size: 147456 (result: 0), SymType: '-deferred-', PDB: '', fileVersion: 10.0.19041.3636
C:\Windows\System32\Windows.StateRepositoryPS.dll:Windows.StateRepositoryPS.dll (00007FFF122F0000), size: 1335296 (result: 0), SymType: '-deferred-', PDB: '', fileVersion: 10.0.19041.3636
C:\windows\SYSTEM32\urlmon.dll:urlmon.dll (00007FFF36940000), size: 2015232 (result: 0), SymType: '-deferred-', PDB: '', fileVersion: 11.0.19041.3996
C:\windows\SYSTEM32\iertutil.dll:iertutil.dll (00007FFF37720000), size: 2867200 (result: 0), SymType: '-deferred-', PDB: '', fileVersion: 11.0.19041.3996
C:\windows\SYSTEM32\netutils.dll:netutils.dll (00007FFF41FD0000), size: 49152 (result: 0), SymType: '-deferred-', PDB: '', fileVersion: 10.0.19041.3636
C:\windows\SYSTEM32\srvcli.dll:srvcli.dll (00007FFF41780000), size: 163840 (result: 0), SymType: '-deferred-', PDB: '', fileVersion: 10.0.19041.3636
C:\windows\SYSTEM32\virtdisk.dll:virtdisk.dll (00007FFF1B820000), size: 77824 (result: 0), SymType: '-deferred-', PDB: '', fileVersion: 10.0.19041.3636
C:\windows\SYSTEM32\FLTLIB.DLL:FLTLIB.DLL (00007FFF2AFE0000), size: 45056 (result: 0), SymType: '-deferred-', PDB: '', fileVersion: 10.0.19041.3636
C:\Windows\System32\wintypes.dll:wintypes.dll (00007FFF3E6D0000), size: 1396736 (result: 0), SymType: '-deferred-', PDB: '', fileVersion: 10.0.19041.3636
C:\Windows\System32\appresolver.dll:appresolver.dll (00007FFF14C90000), size: 589824 (result: 0), SymType: '-deferred-', PDB: '', fileVersion: 10.0.19041.3996
C:\Windows\System32\Bcp47Langs.dll:Bcp47Langs.dll (00007FFF39920000), size: 372736 (result: 0), SymType: '-deferred-', PDB: '', fileVersion: 10.0.19041.3636
C:\Windows\System32\SLC.dll:SLC.dll (00007FFF414C0000), size: 167936 (result: 0), SymType: '-deferred-', PDB: '', fileVersion: 10.0.19041.3636
C:\Windows\System32\sppc.dll:sppc.dll (00007FFF41490000), size: 151552 (result: 0), SymType: '-deferred-', PDB: '', fileVersion: 10.0.19041.3636
C:\Windows\System32\OneCoreCommonProxyStub.dll:OneCoreCommonProxyStub.dll (00007FFF2BAD0000), size: 520192 (result: 0), SymType: '-deferred-', PDB: '', fileVersion: 10.0.19041.3758
C:\Windows\System32\OneCoreUAPCommonProxyStub.dll:OneCoreUAPCommonProxyStub.dll (00007FFF3A590000), size: 8192000 (result: 0), SymType: '-deferred-', PDB: '', fileVersion: 10.0.19041.3996
C:\windows\SYSTEM32\dbghelp.dll:dbghelp.dll (00007FFF2D610000), size: 1982464 (result: 0), SymType: '-deferred-', PDB: '', fileVersion: 10.0.19041.3636

========== OUTPUTTING STACK TRACE ==================

0x00007FFF4301CF19 (KERNELBASE) RaiseException
0x00007FF6917F8700 (Unity) EditorMonoConsole::LogToConsoleImplementation
0x00007FF6917F917D (Unity) EditorMonoConsole::LogToConsoleImplementation
0x00007FF6924B0C3F (Unity) DebugStringToFilePostprocessedStacktrace
0x00007FF6924B039A (Unity) DebugStringToFile
0x00007FF691C9D5A6 (Unity) RegisterAssemblyDefinition
0x00007FF6920EDC95 (Unity) ProcessAssemblyAssets
0x00007FF6920EEA7F (Unity) UpdateScriptCompilationPipelineCaches
0x00007FF6920EEF44 (Unity) WorkerInitializeAndProcessScriptChanges
0x00007FF69197557C (Unity) Application::InitializeProject
0x00007FF691E01895 (Unity) WinMain
0x00007FF6931E2C1E (Unity) __scrt_common_main_seh
0x00007FFF43457344 (KERNEL32) BaseThreadInitThunk
0x00007FFF454226B1 (ntdll) RtlUserThreadStart

========== END OF STACKTRACE ===========

A crash has been intercepted by the crash handler. For call stack and other details, see the latest crash report generated in:
 * C:/Users/100026~3/AppData/Local/Temp/Unity/Editor/Crashes
